Using pre-set license
Built from '2020.3/staging' branch; Version is '2020.3.26f1 (7298b473bc1a) revision 7510196'; Using compiler version '192528614'; Build Type 'Release'
OS: 'Windows 10  (10.0.19043) 64bit Core' Language: 'en' Physical Memory: 32695 MB
BatchMode: 1, IsHumanControllingUs: 0, StartBugReporterOnCrash: 0, Is64bit: 1, IsPro: 0

COMMAND LINE ARGUMENTS:
F:\Unity Hub\Editor\2020.3.26f1\Editor\Unity.exe
-adb2
-batchMode
-noUpm
-name
AssetImportWorker1
-projectPath
C:/Users/tjche/Documents/GitHub/CSE4550_Project/CSE4550 Project
-logFile
Logs/AssetImportWorker1.log
-srvPort
53048
Successfully changed project path to: C:/Users/tjche/Documents/GitHub/CSE4550_Project/CSE4550 Project
C:/Users/tjche/Documents/GitHub/CSE4550_Project/CSE4550 Project
Using Asset Import Pipeline V2.
Refreshing native plugins compatible for Editor in 38.93 ms, found 3 plugins.
Preloading 0 native plugins for Editor in 0.00 ms.
Initialize engine version: 2020.3.26f1 (7298b473bc1a)
[Subsystems] Discovering subsystems at path F:/Unity Hub/Editor/2020.3.26f1/Editor/Data/Resources/UnitySubsystems
[Subsystems] Discovering subsystems at path C:/Users/tjche/Documents/GitHub/CSE4550_Project/CSE4550 Project/Assets
GfxDevice: creating device client; threaded=0
Direct3D:
    Version:  Direct3D 11.0 [level 11.1]
    Renderer: NVIDIA GeForce GTX 970 (ID=0x13c2)
    Vendor:   
    VRAM:     4043 MB
    Driver:   30.0.14.9709
Initialize mono
Mono path[0] = 'F:/Unity Hub/Editor/2020.3.26f1/Editor/Data/Managed'
Mono path[1] = 'F:/Unity Hub/Editor/2020.3.26f1/Editor/Data/MonoBleedingEdge/lib/mono/unityjit'
Mono config path = 'F:/Unity Hub/Editor/2020.3.26f1/Editor/Data/MonoBleedingEdge/etc'
Using monoOptions --debugger-agent=transport=dt_socket,embedding=1,server=y,suspend=n,address=127.0.0.1:56648
Begin MonoManager ReloadAssembly
Registering precompiled unity dll's ...
Register platform support module: F:/Unity Hub/Editor/2020.3.26f1/Editor/Data/PlaybackEngines/WindowsStandaloneSupport/UnityEditor.WindowsStandalone.Extensions.dll
Registered in 0.000988 seconds.
Native extension for WindowsStandalone target not found
Refreshing native plugins compatible for Editor in 37.42 ms, found 3 plugins.
Preloading 0 native plugins for Editor in 0.00 ms.
Mono: successfully reloaded assembly
- Completed reload, in  0.562 seconds
Domain Reload Profiling:
	ReloadAssembly (562ms)
		BeginReloadAssembly (43ms)
			ExecutionOrderSort (0ms)
			DisableScriptedObjects (0ms)
			BackupInstance (0ms)
			ReleaseScriptingObjects (0ms)
			CreateAndSetChildDomain (1ms)
		EndReloadAssembly (461ms)
			LoadAssemblies (42ms)
			RebuildTransferFunctionScriptingTraits (0ms)
			SetupTypeCache (126ms)
			ReleaseScriptCaches (0ms)
			RebuildScriptCaches (24ms)
			SetupLoadedEditorAssemblies (231ms)
				LogAssemblyErrors (0ms)
				InitializePlatformSupportModulesInManaged (3ms)
				SetLoadedEditorAssemblies (0ms)
				RefreshPlugins (37ms)
				BeforeProcessingInitializeOnLoad (13ms)
				ProcessInitializeOnLoadAttributes (153ms)
				ProcessInitializeOnLoadMethodAttributes (24ms)
				AfterProcessingInitializeOnLoad (0ms)
				EditorAssembliesLoaded (0ms)
			ExecutionOrderSort2 (0ms)
			AwakeInstancesAfterBackupRestoration (0ms)
Platform modules already initialized, skipping
Registering precompiled user dll's ...
Registered in 0.004611 seconds.
Begin MonoManager ReloadAssembly
Native extension for WindowsStandalone target not found
Refreshing native plugins compatible for Editor in 41.45 ms, found 3 plugins.
Preloading 0 native plugins for Editor in 0.00 ms.
Mono: successfully reloaded assembly
- Completed reload, in  1.054 seconds
Domain Reload Profiling:
	ReloadAssembly (1054ms)
		BeginReloadAssembly (112ms)
			ExecutionOrderSort (0ms)
			DisableScriptedObjects (4ms)
			BackupInstance (0ms)
			ReleaseScriptingObjects (0ms)
			CreateAndSetChildDomain (15ms)
		EndReloadAssembly (894ms)
			LoadAssemblies (77ms)
			RebuildTransferFunctionScriptingTraits (0ms)
			SetupTypeCache (269ms)
			ReleaseScriptCaches (0ms)
			RebuildScriptCaches (40ms)
			SetupLoadedEditorAssemblies (400ms)
				LogAssemblyErrors (0ms)
				InitializePlatformSupportModulesInManaged (3ms)
				SetLoadedEditorAssemblies (0ms)
				RefreshPlugins (42ms)
				BeforeProcessingInitializeOnLoad (165ms)
				ProcessInitializeOnLoadAttributes (174ms)
				ProcessInitializeOnLoadMethodAttributes (15ms)
				AfterProcessingInitializeOnLoad (2ms)
				EditorAssembliesLoaded (0ms)
			ExecutionOrderSort2 (0ms)
			AwakeInstancesAfterBackupRestoration (5ms)
Platform modules already initialized, skipping
========================================================================
Worker process is ready to serve import requests
Launched and connected shader compiler UnityShaderCompiler.exe after 0.06 seconds
Refreshing native plugins compatible for Editor in 0.70 ms, found 3 plugins.
Preloading 0 native plugins for Editor in 0.00 ms.
Unloading 2253 Unused Serialized files (Serialized files now loaded: 0)
System memory in use before: 99.3 MB.
System memory in use after: 99.4 MB.

Unloading 27 unused Assets to reduce memory usage. Loaded Objects now: 2689.
Total: 2.590900 ms (FindLiveObjects: 0.167800 ms CreateObjectMapping: 0.089800 ms MarkObjects: 2.306400 ms  DeleteObjects: 0.026000 ms)

AssetImportParameters requested are different than current active one (requested -> active):
  custom:framework-win-MediaFoundation: 216162199b28c13a410421893ffa2e32 -> 
  custom:video-decoder-ogg-theora: a1e56fd34408186e4bbccfd4996cb3dc -> 
  custom:container-muxer-webm: aa71ff27fc2769a1b78a27578f13a17b -> 
  custom:container-demuxer-webm: 4f35f7cbe854078d1ac9338744f61a02 -> 
  custom:container-demuxer-ogg: 62fdf1f143b41e24485cea50d1cbac27 -> 
  custom:video-encoder-webm-vp8: eb34c28f22e8b96e1ab97ce403110664 -> 
  custom:video-codec-MediaFoundation-h265: 746d11721c4dcdbdad8f713fa42b33f4 -> 
  custom:video-decoder-webm-vp8: 9c59270c3fd7afecdb556c50c9e8de78 -> 
  custom:audio-decoder-ogg-vorbis: bf7c407c2cedff20999df2af8eb42d56 -> 
  custom:audio-encoder-webm-vorbis: bf7c407c2cedff20999df2af8eb42d56 -> 
========================================================================
Received Import Request.
  path: Assets/Scripts/Enemies/Shoot Guy.prefab
  artifactKey: Guid(037280179bcebd74b94003ee70adb3ca) Importer(815301076,1909f56bfc062723c751e8b465ee728b)
Start importing Assets/Scripts/Enemies/Shoot Guy.prefab using Guid(037280179bcebd74b94003ee70adb3ca) Importer(815301076,1909f56bfc062723c751e8b465ee728b)  -> (artifact id: '4d1ff5c7eb4ceda886424dd89de38d41') in 0.096337 seconds 
  Import took 0.099470 seconds .

========================================================================
Received Import Request.
  Time since last request: 0.172155 seconds.
  path: Assets/Scripts/Enemies/Bonk.prefab
  artifactKey: Guid(39ede6c3ec5eaa64c9554e927d8652f5) Importer(815301076,1909f56bfc062723c751e8b465ee728b)
Start importing Assets/Scripts/Enemies/Bonk.prefab using Guid(39ede6c3ec5eaa64c9554e927d8652f5) Importer(815301076,1909f56bfc062723c751e8b465ee728b)  -> (artifact id: '689f6db060e90c8a985f7528a17d51f7') in 0.035937 seconds 
  Import took 0.040010 seconds .

========================================================================
Received Import Request.
  Time since last request: 5.316598 seconds.
  path: Assets/Scripts/Enemies/Goomba.prefab
  artifactKey: Guid(f17ac8b549b8c2b44859e45463265e4f) Importer(815301076,1909f56bfc062723c751e8b465ee728b)
Start importing Assets/Scripts/Enemies/Goomba.prefab using Guid(f17ac8b549b8c2b44859e45463265e4f) Importer(815301076,1909f56bfc062723c751e8b465ee728b)  -> (artifact id: 'cfb43b7d7b3c4cf2c38c46dfb6bd5951') in 0.013686 seconds 
  Import took 0.018314 seconds .

========================================================================
Received Prepare
Registering precompiled user dll's ...
Registered in 0.004494 seconds.
Begin MonoManager ReloadAssembly
Native extension for WindowsStandalone target not found
Refreshing native plugins compatible for Editor in 0.45 ms, found 3 plugins.
Preloading 0 native plugins for Editor in 0.00 ms.
Mono: successfully reloaded assembly
- Completed reload, in  0.817 seconds
Domain Reload Profiling:
	ReloadAssembly (817ms)
		BeginReloadAssembly (93ms)
			ExecutionOrderSort (0ms)
			DisableScriptedObjects (5ms)
			BackupInstance (0ms)
			ReleaseScriptingObjects (0ms)
			CreateAndSetChildDomain (29ms)
		EndReloadAssembly (680ms)
			LoadAssemblies (74ms)
			RebuildTransferFunctionScriptingTraits (0ms)
			SetupTypeCache (249ms)
			ReleaseScriptCaches (1ms)
			RebuildScriptCaches (33ms)
			SetupLoadedEditorAssemblies (241ms)
				LogAssemblyErrors (0ms)
				InitializePlatformSupportModulesInManaged (3ms)
				SetLoadedEditorAssemblies (0ms)
				RefreshPlugins (1ms)
				BeforeProcessingInitializeOnLoad (65ms)
				ProcessInitializeOnLoadAttributes (160ms)
				ProcessInitializeOnLoadMethodAttributes (9ms)
				AfterProcessingInitializeOnLoad (2ms)
				EditorAssembliesLoaded (0ms)
			ExecutionOrderSort2 (0ms)
			AwakeInstancesAfterBackupRestoration (7ms)
Platform modules already initialized, skipping
Refreshing native plugins compatible for Editor in 0.44 ms, found 3 plugins.
Preloading 0 native plugins for Editor in 0.00 ms.
Unloading 2229 Unused Serialized files (Serialized files now loaded: 0)
System memory in use before: 100.5 MB.
System memory in use after: 100.6 MB.

Unloading 17 unused Assets to reduce memory usage. Loaded Objects now: 2698.
Total: 2.432600 ms (FindLiveObjects: 0.154500 ms CreateObjectMapping: 0.077600 ms MarkObjects: 2.187000 ms  DeleteObjects: 0.012800 ms)

AssetImportParameters requested are different than current active one (requested -> active):
  custom:framework-win-MediaFoundation: 216162199b28c13a410421893ffa2e32 -> 
  custom:video-decoder-ogg-theora: a1e56fd34408186e4bbccfd4996cb3dc -> 
  custom:container-muxer-webm: aa71ff27fc2769a1b78a27578f13a17b -> 
  custom:container-demuxer-webm: 4f35f7cbe854078d1ac9338744f61a02 -> 
  custom:container-demuxer-ogg: 62fdf1f143b41e24485cea50d1cbac27 -> 
  custom:video-encoder-webm-vp8: eb34c28f22e8b96e1ab97ce403110664 -> 
  custom:video-codec-MediaFoundation-h265: 746d11721c4dcdbdad8f713fa42b33f4 -> 
  custom:video-decoder-webm-vp8: 9c59270c3fd7afecdb556c50c9e8de78 -> 
  custom:audio-decoder-ogg-vorbis: bf7c407c2cedff20999df2af8eb42d56 -> 
  custom:audio-encoder-webm-vorbis: bf7c407c2cedff20999df2af8eb42d56 -> 
========================================================================
Received Import Request.
  Time since last request: 73.356961 seconds.
  path: Assets/Scripts/Enemies/EnemyScripts/EnemyScript.cs
  artifactKey: Guid(61d8f5489433580478ae4f83dc752ec7) Importer(815301076,1909f56bfc062723c751e8b465ee728b)
Start importing Assets/Scripts/Enemies/EnemyScripts/EnemyScript.cs using Guid(61d8f5489433580478ae4f83dc752ec7) Importer(815301076,1909f56bfc062723c751e8b465ee728b)  -> (artifact id: 'fd1ea7a9586025c0166bf2a631450f15') in 0.010383 seconds 
  Import took 0.016953 seconds .

========================================================================
Received Import Request.
  Time since last request: 1.452147 seconds.
  path: Assets/Scripts/Enemies/EnemyScripts/EnemyClass.cs
  artifactKey: Guid(44ccb86c58b6ffc4e99b56cd4588120e) Importer(815301076,1909f56bfc062723c751e8b465ee728b)
Start importing Assets/Scripts/Enemies/EnemyScripts/EnemyClass.cs using Guid(44ccb86c58b6ffc4e99b56cd4588120e) Importer(815301076,1909f56bfc062723c751e8b465ee728b)  -> (artifact id: '645e6a5d3b89d6737f6ab4e8d146becd') in 0.005730 seconds 
  Import took 0.008683 seconds .

========================================================================
Received Import Request.
  Time since last request: 1.393201 seconds.
  path: Assets/Scripts/Enemies/EnemyScripts/MeleeEnemy.cs
  artifactKey: Guid(428afb029d0f38f4782d1f8f256d5d60) Importer(815301076,1909f56bfc062723c751e8b465ee728b)
Start importing Assets/Scripts/Enemies/EnemyScripts/MeleeEnemy.cs using Guid(428afb029d0f38f4782d1f8f256d5d60) Importer(815301076,1909f56bfc062723c751e8b465ee728b)  -> (artifact id: '8c017ec59ab07a64b991fa0497ffff53') in 0.007045 seconds 
  Import took 0.014371 seconds .

========================================================================
Received Import Request.
  Time since last request: 0.432634 seconds.
  path: Assets/Scripts/Enemies/EnemyScripts/ProjectileScript.cs
  artifactKey: Guid(f1ea9b46a64360344924f8522355dfbc) Importer(815301076,1909f56bfc062723c751e8b465ee728b)
Start importing Assets/Scripts/Enemies/EnemyScripts/ProjectileScript.cs using Guid(f1ea9b46a64360344924f8522355dfbc) Importer(815301076,1909f56bfc062723c751e8b465ee728b)  -> (artifact id: 'd8f5dce7938678330513b6cff1c08182') in 0.005693 seconds 
  Import took 0.009363 seconds .

========================================================================
Received Import Request.
  Time since last request: 3.025956 seconds.
  path: Assets/Scripts/Enemies/EnemyScripts/RangedEnemy.cs
  artifactKey: Guid(1a8457bfaf5496f43afe01f4a44b7be0) Importer(815301076,1909f56bfc062723c751e8b465ee728b)
Start importing Assets/Scripts/Enemies/EnemyScripts/RangedEnemy.cs using Guid(1a8457bfaf5496f43afe01f4a44b7be0) Importer(815301076,1909f56bfc062723c751e8b465ee728b)  -> (artifact id: '525e281de89f9f9e601576d419ffa0a5') in 0.002012 seconds 
  Import took 0.005464 seconds .

AssetImportWorkerClient::OnTransportError - code=2 error=End of file
