Using pre-set license
Built from '2020.3/staging' branch; Version is '2020.3.26f1 (7298b473bc1a) revision 7510196'; Using compiler version '192528614'; Build Type 'Release'
OS: 'Windows 10  (10.0.19043) 64bit Core' Language: 'en' Physical Memory: 3968 MB
BatchMode: 1, IsHumanControllingUs: 0, StartBugReporterOnCrash: 0, Is64bit: 1, IsPro: 0

COMMAND LINE ARGUMENTS:
C:\Program Files\Unity\Hub\Editor\2020.3.26f1\Editor\Unity.exe
-adb2
-batchMode
-noUpm
-name
AssetImportWorker1
-projectPath
C:/Users/jmsmm/Documents/cse4550/CSE4550_Project/CSE4550 Project/CSE4550 Project
-logFile
Logs/AssetImportWorker1.log
-srvPort
55792
Successfully changed project path to: C:/Users/jmsmm/Documents/cse4550/CSE4550_Project/CSE4550 Project/CSE4550 Project
C:/Users/jmsmm/Documents/cse4550/CSE4550_Project/CSE4550 Project/CSE4550 Project
Using Asset Import Pipeline V2.
Refreshing native plugins compatible for Editor in 159.77 ms, found 3 plugins.
Preloading 0 native plugins for Editor in 0.00 ms.
Initialize engine version: 2020.3.26f1 (7298b473bc1a)
[Subsystems] Discovering subsystems at path C:/Program Files/Unity/Hub/Editor/2020.3.26f1/Editor/Data/Resources/UnitySubsystems
[Subsystems] Discovering subsystems at path C:/Users/jmsmm/Documents/cse4550/CSE4550_Project/CSE4550 Project/CSE4550 Project/Assets
GfxDevice: creating device client; threaded=0
Direct3D:
    Version:  Direct3D 11.0 [level 11.1]
    Renderer: AMD Radeon(TM) R3 Graphics (ID=0x98e4)
    Vendor:   
    VRAM:     1984 MB
    Driver:   25.20.15030.3001
Initialize mono
Mono path[0] = 'C:/Program Files/Unity/Hub/Editor/2020.3.26f1/Editor/Data/Managed'
Mono path[1] = 'C:/Program Files/Unity/Hub/Editor/2020.3.26f1/Editor/Data/MonoBleedingEdge/lib/mono/unityjit'
Mono config path = 'C:/Program Files/Unity/Hub/Editor/2020.3.26f1/Editor/Data/MonoBleedingEdge/etc'
Using monoOptions --debugger-agent=transport=dt_socket,embedding=1,server=y,suspend=n,address=127.0.0.1:56476
Begin MonoManager ReloadAssembly
Registering precompiled unity dll's ...
Register platform support module: C:/Program Files/Unity/Hub/Editor/2020.3.26f1/Editor/Data/PlaybackEngines/WindowsStandaloneSupport/UnityEditor.WindowsStandalone.Extensions.dll
Registered in 0.011215 seconds.
Native extension for WindowsStandalone target not found
Refreshing native plugins compatible for Editor in 124.41 ms, found 3 plugins.
Preloading 0 native plugins for Editor in 0.00 ms.
Mono: successfully reloaded assembly
- Completed reload, in  1.939 seconds
Domain Reload Profiling:
	ReloadAssembly (1940ms)
		BeginReloadAssembly (220ms)
			ExecutionOrderSort (0ms)
			DisableScriptedObjects (0ms)
			BackupInstance (0ms)
			ReleaseScriptingObjects (0ms)
			CreateAndSetChildDomain (4ms)
		EndReloadAssembly (1395ms)
			LoadAssemblies (211ms)
			RebuildTransferFunctionScriptingTraits (0ms)
			SetupTypeCache (473ms)
			ReleaseScriptCaches (0ms)
			RebuildScriptCaches (81ms)
			SetupLoadedEditorAssemblies (526ms)
				LogAssemblyErrors (0ms)
				InitializePlatformSupportModulesInManaged (14ms)
				SetLoadedEditorAssemblies (1ms)
				RefreshPlugins (125ms)
				BeforeProcessingInitializeOnLoad (43ms)
				ProcessInitializeOnLoadAttributes (250ms)
				ProcessInitializeOnLoadMethodAttributes (93ms)
				AfterProcessingInitializeOnLoad (0ms)
				EditorAssembliesLoaded (1ms)
			ExecutionOrderSort2 (0ms)
			AwakeInstancesAfterBackupRestoration (0ms)
Platform modules already initialized, skipping
Registering precompiled user dll's ...
Registered in 0.022184 seconds.
Begin MonoManager ReloadAssembly
Native extension for WindowsStandalone target not found
Refreshing native plugins compatible for Editor in 137.63 ms, found 3 plugins.
Preloading 0 native plugins for Editor in 0.00 ms.
Mono: successfully reloaded assembly
- Completed reload, in  5.005 seconds
Domain Reload Profiling:
	ReloadAssembly (5008ms)
		BeginReloadAssembly (434ms)
			ExecutionOrderSort (0ms)
			DisableScriptedObjects (13ms)
			BackupInstance (0ms)
			ReleaseScriptingObjects (0ms)
			CreateAndSetChildDomain (56ms)
		EndReloadAssembly (4370ms)
			LoadAssemblies (990ms)
			RebuildTransferFunctionScriptingTraits (0ms)
			SetupTypeCache (1604ms)
			ReleaseScriptCaches (1ms)
			RebuildScriptCaches (155ms)
			SetupLoadedEditorAssemblies (1239ms)
				LogAssemblyErrors (0ms)
				InitializePlatformSupportModulesInManaged (11ms)
				SetLoadedEditorAssemblies (0ms)
				RefreshPlugins (138ms)
				BeforeProcessingInitializeOnLoad (284ms)
				ProcessInitializeOnLoadAttributes (696ms)
				ProcessInitializeOnLoadMethodAttributes (74ms)
				AfterProcessingInitializeOnLoad (36ms)
				EditorAssembliesLoaded (0ms)
			ExecutionOrderSort2 (0ms)
			AwakeInstancesAfterBackupRestoration (24ms)
Platform modules already initialized, skipping
========================================================================
Worker process is ready to serve import requests
Launched and connected shader compiler UnityShaderCompiler.exe after 0.41 seconds
Refreshing native plugins compatible for Editor in 1.39 ms, found 3 plugins.
Preloading 0 native plugins for Editor in 0.00 ms.
Unloading 2250 Unused Serialized files (Serialized files now loaded: 0)
System memory in use before: 100.0 MB.
System memory in use after: 100.1 MB.

Unloading 27 unused Assets to reduce memory usage. Loaded Objects now: 2686.
Total: 8.262000 ms (FindLiveObjects: 0.472700 ms CreateObjectMapping: 0.171500 ms MarkObjects: 7.533400 ms  DeleteObjects: 0.080800 ms)

AssetImportParameters requested are different than current active one (requested -> active):
  custom:framework-win-MediaFoundation: 216162199b28c13a410421893ffa2e32 -> 
  custom:video-decoder-ogg-theora: a1e56fd34408186e4bbccfd4996cb3dc -> 
  custom:container-muxer-webm: aa71ff27fc2769a1b78a27578f13a17b -> 
  custom:container-demuxer-webm: 4f35f7cbe854078d1ac9338744f61a02 -> 
  custom:container-demuxer-ogg: 62fdf1f143b41e24485cea50d1cbac27 -> 
  custom:video-encoder-webm-vp8: eb34c28f22e8b96e1ab97ce403110664 -> 
  custom:video-decoder-webm-vp8: 9c59270c3fd7afecdb556c50c9e8de78 -> 
  custom:audio-decoder-ogg-vorbis: bf7c407c2cedff20999df2af8eb42d56 -> 
  custom:audio-encoder-webm-vorbis: bf7c407c2cedff20999df2af8eb42d56 -> 
========================================================================
Received Import Request.
  path: Assets/Sprites/Take_hit.png
  artifactKey: Guid(71a1b32f4d7d50f45841344a6491fd7c) Importer(815301076,1909f56bfc062723c751e8b465ee728b)
Start importing Assets/Sprites/Take_hit.png using Guid(71a1b32f4d7d50f45841344a6491fd7c) Importer(815301076,1909f56bfc062723c751e8b465ee728b)  -> (artifact id: 'c3464583c4ebea65055a575ccdbd6734') in 1.031788 seconds 
  Import took 1.064115 seconds .

========================================================================
Received Import Request.
  Time since last request: 0.000536 seconds.
  path: Assets/Sprites/Death.png
  artifactKey: Guid(f125434880bdcb641a6d20ce7126295e) Importer(815301076,1909f56bfc062723c751e8b465ee728b)
Start importing Assets/Sprites/Death.png using Guid(f125434880bdcb641a6d20ce7126295e) Importer(815301076,1909f56bfc062723c751e8b465ee728b)  -> (artifact id: 'aaa029747bb438b01ed6203ba4595d6c') in 0.183917 seconds 
  Import took 0.213169 seconds .

========================================================================
Received Import Request.
  Time since last request: 0.000562 seconds.
  path: Assets/Sprites/Jump.png
  artifactKey: Guid(5b1ef47754ab3e445a4805b53686fbe5) Importer(815301076,1909f56bfc062723c751e8b465ee728b)
Start importing Assets/Sprites/Jump.png using Guid(5b1ef47754ab3e445a4805b53686fbe5) Importer(815301076,1909f56bfc062723c751e8b465ee728b)  -> (artifact id: '2e3b0ebdc220a919c549f3b362535ae4') in 0.162665 seconds 
  Import took 0.185777 seconds .

========================================================================
Received Import Request.
  Time since last request: 0.003412 seconds.
  path: Assets/Scenes/ground_0.asset
  artifactKey: Guid(4e1e66396b664cd4a888d5de1e85a5af) Importer(815301076,1909f56bfc062723c751e8b465ee728b)
Start importing Assets/Scenes/ground_0.asset using Guid(4e1e66396b664cd4a888d5de1e85a5af) Importer(815301076,1909f56bfc062723c751e8b465ee728b)  -> (artifact id: 'b5bf0943b2dd726f1c5b2f9cd48b7f90') in 0.246921 seconds 
  Import took 0.273021 seconds .

========================================================================
Received Import Request.
  Time since last request: 0.000450 seconds.
  path: Assets/Sprites/Idle.png
  artifactKey: Guid(9be8a95f38c99544e9dc496e4023684a) Importer(815301076,1909f56bfc062723c751e8b465ee728b)
Start importing Assets/Sprites/Idle.png using Guid(9be8a95f38c99544e9dc496e4023684a) Importer(815301076,1909f56bfc062723c751e8b465ee728b)  -> (artifact id: '3a5829ce7c07374b45cce64affbc66f2') in 0.100613 seconds 
  Import took 0.110825 seconds .

========================================================================
Received Import Request.
  Time since last request: 0.000464 seconds.
  path: Assets/Sprites/Run.png
  artifactKey: Guid(ac063f524cd0a8c4390979beca409393) Importer(815301076,1909f56bfc062723c751e8b465ee728b)
Start importing Assets/Sprites/Run.png using Guid(ac063f524cd0a8c4390979beca409393) Importer(815301076,1909f56bfc062723c751e8b465ee728b)  -> (artifact id: '6daa55ffcb345a05481269c74185cf71') in 0.134505 seconds 
  Import took 0.175742 seconds .

========================================================================
Received Import Request.
  Time since last request: 0.000508 seconds.
  path: Assets/Sprites/Attack1.png
  artifactKey: Guid(24456725639cdbc4db1b4a9f9a435a5d) Importer(815301076,1909f56bfc062723c751e8b465ee728b)
Start importing Assets/Sprites/Attack1.png using Guid(24456725639cdbc4db1b4a9f9a435a5d) Importer(815301076,1909f56bfc062723c751e8b465ee728b)  -> (artifact id: '805da2575ac259888246e5aaf5bb02da') in 0.386445 seconds 
  Import took 0.400448 seconds .

========================================================================
Received Import Request.
  Time since last request: 0.000555 seconds.
  path: Assets/Sprites/Fall.png
  artifactKey: Guid(cf89390179619464d8b1e25a1a450829) Importer(815301076,1909f56bfc062723c751e8b465ee728b)
Start importing Assets/Sprites/Fall.png using Guid(cf89390179619464d8b1e25a1a450829) Importer(815301076,1909f56bfc062723c751e8b465ee728b)  -> (artifact id: '04c274839ce64e1750c2d7e72eccf42a') in 0.101751 seconds 
  Import took 0.129688 seconds .

========================================================================
Received Import Request.
  Time since last request: 0.000812 seconds.
  path: Assets/Tile Palettes/SimplePalette.prefab
  artifactKey: Guid(4fdff9906c8f0164d8d52f5a794a7b24) Importer(815301076,1909f56bfc062723c751e8b465ee728b)
Start importing Assets/Tile Palettes/SimplePalette.prefab using Guid(4fdff9906c8f0164d8d52f5a794a7b24) Importer(815301076,1909f56bfc062723c751e8b465ee728b)  -> (artifact id: 'feac27049a2625d2acf59ce5322d3df7') in 0.273820 seconds 
  Import took 0.293384 seconds .

========================================================================
Received Import Request.
  Time since last request: 0.000592 seconds.
  path: Assets/Sprites/Attack2.png
  artifactKey: Guid(9305aebd288785f488ef1433c4097b42) Importer(815301076,1909f56bfc062723c751e8b465ee728b)
Start importing Assets/Sprites/Attack2.png using Guid(9305aebd288785f488ef1433c4097b42) Importer(815301076,1909f56bfc062723c751e8b465ee728b)  -> (artifact id: '9986b87c64d31134f9e123508943727f') in 0.089506 seconds 
  Import took 0.148971 seconds .

========================================================================
Received Import Request.
  Time since last request: 0.000490 seconds.
  path: Assets/Sprites/Attack3.png
  artifactKey: Guid(d5912dedd110515418e03d837b86f6ba) Importer(815301076,1909f56bfc062723c751e8b465ee728b)
Start importing Assets/Sprites/Attack3.png using Guid(d5912dedd110515418e03d837b86f6ba) Importer(815301076,1909f56bfc062723c751e8b465ee728b)  -> (artifact id: '090070b28bf8f5a7a2a158a109d4bd95') in 0.122804 seconds 
  Import took 0.133207 seconds .

========================================================================
Received Import Request.
  Time since last request: 38.047263 seconds.
  path: Assets/Scripts/PlayerScripts
  artifactKey: Guid(e2f2988a5c4d12249b8c70cc218d84a3) Importer(815301076,1909f56bfc062723c751e8b465ee728b)
Start importing Assets/Scripts/PlayerScripts using Guid(e2f2988a5c4d12249b8c70cc218d84a3) Importer(815301076,1909f56bfc062723c751e8b465ee728b)  -> (artifact id: '5b518c4ee2c6e1470d24d9a053cf75cf') in 0.069733 seconds 
  Import took 0.097435 seconds .

========================================================================
Received Import Request.
  Time since last request: 7.007841 seconds.
  path: Assets/Scripts/PlayerScripts/CameraFollow.cs
  artifactKey: Guid(0a44d911a636c2649ba17b327fb20da5) Importer(815301076,1909f56bfc062723c751e8b465ee728b)
Start importing Assets/Scripts/PlayerScripts/CameraFollow.cs using Guid(0a44d911a636c2649ba17b327fb20da5) Importer(815301076,1909f56bfc062723c751e8b465ee728b)  -> (artifact id: 'bdab8be8e50da65c274ae493b44b2b99') in 0.125708 seconds 
  Import took 0.176598 seconds .

========================================================================
Received Import Request.
  Time since last request: 205.408648 seconds.
  path: Assets/Sprites/Idle.png
  artifactKey: Guid(9be8a95f38c99544e9dc496e4023684a) Importer(815301076,1909f56bfc062723c751e8b465ee728b)
Start importing Assets/Sprites/Idle.png using Guid(9be8a95f38c99544e9dc496e4023684a) Importer(815301076,1909f56bfc062723c751e8b465ee728b)  -> (artifact id: '511511981b1c21c0f7cf7270d779f958') in 0.043046 seconds 
  Import took 0.066416 seconds .

========================================================================
Received Import Request.
  Time since last request: 18.325818 seconds.
  path: Assets/Sprites/Idle.png
  artifactKey: Guid(9be8a95f38c99544e9dc496e4023684a) Importer(815301076,1909f56bfc062723c751e8b465ee728b)
Start importing Assets/Sprites/Idle.png using Guid(9be8a95f38c99544e9dc496e4023684a) Importer(815301076,1909f56bfc062723c751e8b465ee728b)  -> (artifact id: '61ff7296192db3d0fc33089892628665') in 0.160529 seconds 
  Import took 0.203455 seconds .

========================================================================
Received Import Request.
  Time since last request: 16.270101 seconds.
  path: Assets/Sprites/Attack1.png
  artifactKey: Guid(24456725639cdbc4db1b4a9f9a435a5d) Importer(815301076,1909f56bfc062723c751e8b465ee728b)
Start importing Assets/Sprites/Attack1.png using Guid(24456725639cdbc4db1b4a9f9a435a5d) Importer(815301076,1909f56bfc062723c751e8b465ee728b)  -> (artifact id: 'e772ca57ad6b1849d35bea146bc566b7') in 0.137345 seconds 
  Import took 0.172886 seconds .

========================================================================
Received Import Request.
  Time since last request: 7.418222 seconds.
  path: Assets/Sprites/Attack1.png
  artifactKey: Guid(24456725639cdbc4db1b4a9f9a435a5d) Importer(815301076,1909f56bfc062723c751e8b465ee728b)
Start importing Assets/Sprites/Attack1.png using Guid(24456725639cdbc4db1b4a9f9a435a5d) Importer(815301076,1909f56bfc062723c751e8b465ee728b)  -> (artifact id: '7457475f217d928ed66b0739f82066d4') in 0.165939 seconds 
  Import took 0.191095 seconds .

========================================================================
Received Import Request.
  Time since last request: 10.651205 seconds.
  path: Assets/Sprites/Attack2.png
  artifactKey: Guid(9305aebd288785f488ef1433c4097b42) Importer(815301076,1909f56bfc062723c751e8b465ee728b)
Start importing Assets/Sprites/Attack2.png using Guid(9305aebd288785f488ef1433c4097b42) Importer(815301076,1909f56bfc062723c751e8b465ee728b)  -> (artifact id: '089e26dad2e5d460d224b6b0b0cfd818') in 0.077477 seconds 
  Import took 0.105228 seconds .

========================================================================
Received Import Request.
  Time since last request: 9.688580 seconds.
  path: Assets/Sprites/Attack2.png
  artifactKey: Guid(9305aebd288785f488ef1433c4097b42) Importer(815301076,1909f56bfc062723c751e8b465ee728b)
Start importing Assets/Sprites/Attack2.png using Guid(9305aebd288785f488ef1433c4097b42) Importer(815301076,1909f56bfc062723c751e8b465ee728b)  -> (artifact id: '7f17e5f424043a6b4d720e2ec0fc9fb4') in 0.120249 seconds 
  Import took 0.136069 seconds .

========================================================================
Received Import Request.
  Time since last request: 14.876931 seconds.
  path: Assets/Sprites/Attack3.png
  artifactKey: Guid(d5912dedd110515418e03d837b86f6ba) Importer(815301076,1909f56bfc062723c751e8b465ee728b)
Start importing Assets/Sprites/Attack3.png using Guid(d5912dedd110515418e03d837b86f6ba) Importer(815301076,1909f56bfc062723c751e8b465ee728b)  -> (artifact id: '21eb88f75d13937ff106b31a39b92768') in 0.082486 seconds 
  Import took 0.134269 seconds .

========================================================================
Received Import Request.
  Time since last request: 7.025210 seconds.
  path: Assets/Sprites/Attack3.png
  artifactKey: Guid(d5912dedd110515418e03d837b86f6ba) Importer(815301076,1909f56bfc062723c751e8b465ee728b)
Start importing Assets/Sprites/Attack3.png using Guid(d5912dedd110515418e03d837b86f6ba) Importer(815301076,1909f56bfc062723c751e8b465ee728b)  -> (artifact id: '9400e1c2a29053265d897008d5ace37d') in 0.166722 seconds 
  Import took 0.188234 seconds .

========================================================================
Received Import Request.
  Time since last request: 8.245937 seconds.
  path: Assets/Sprites/Death.png
  artifactKey: Guid(f125434880bdcb641a6d20ce7126295e) Importer(815301076,1909f56bfc062723c751e8b465ee728b)
Start importing Assets/Sprites/Death.png using Guid(f125434880bdcb641a6d20ce7126295e) Importer(815301076,1909f56bfc062723c751e8b465ee728b)  -> (artifact id: 'ebc3a6dcde14c7cf0828171e1eecc73e') in 0.096524 seconds 
  Import took 0.130134 seconds .

========================================================================
Received Import Request.
  Time since last request: 9.797639 seconds.
  path: Assets/Sprites/Death.png
  artifactKey: Guid(f125434880bdcb641a6d20ce7126295e) Importer(815301076,1909f56bfc062723c751e8b465ee728b)
Start importing Assets/Sprites/Death.png using Guid(f125434880bdcb641a6d20ce7126295e) Importer(815301076,1909f56bfc062723c751e8b465ee728b)  -> (artifact id: '2919758e8f02f6f248244ca6b6937862') in 0.112607 seconds 
  Import took 0.144784 seconds .

========================================================================
Received Import Request.
  Time since last request: 10.413908 seconds.
  path: Assets/Sprites/Fall.png
  artifactKey: Guid(cf89390179619464d8b1e25a1a450829) Importer(815301076,1909f56bfc062723c751e8b465ee728b)
Start importing Assets/Sprites/Fall.png using Guid(cf89390179619464d8b1e25a1a450829) Importer(815301076,1909f56bfc062723c751e8b465ee728b)  -> (artifact id: '2707301fb8afc6038e503072e25824f9') in 0.243481 seconds 
  Import took 0.301801 seconds .

========================================================================
Received Import Request.
  Time since last request: 4.684767 seconds.
  path: Assets/Sprites/Fall.png
  artifactKey: Guid(cf89390179619464d8b1e25a1a450829) Importer(815301076,1909f56bfc062723c751e8b465ee728b)
Start importing Assets/Sprites/Fall.png using Guid(cf89390179619464d8b1e25a1a450829) Importer(815301076,1909f56bfc062723c751e8b465ee728b)  -> (artifact id: '15f5da1ac6c80d1d0967d726845d4014') in 0.092290 seconds 
  Import took 0.111389 seconds .

========================================================================
Received Import Request.
  Time since last request: 13.155290 seconds.
  path: Assets/Sprites/Jump.png
  artifactKey: Guid(5b1ef47754ab3e445a4805b53686fbe5) Importer(815301076,1909f56bfc062723c751e8b465ee728b)
Start importing Assets/Sprites/Jump.png using Guid(5b1ef47754ab3e445a4805b53686fbe5) Importer(815301076,1909f56bfc062723c751e8b465ee728b)  -> (artifact id: '566ce5ba944327a64e2c2a9789d19954') in 0.219980 seconds 
  Import took 0.275399 seconds .

========================================================================
Received Import Request.
  Time since last request: 5.101125 seconds.
  path: Assets/Sprites/Jump.png
  artifactKey: Guid(5b1ef47754ab3e445a4805b53686fbe5) Importer(815301076,1909f56bfc062723c751e8b465ee728b)
Start importing Assets/Sprites/Jump.png using Guid(5b1ef47754ab3e445a4805b53686fbe5) Importer(815301076,1909f56bfc062723c751e8b465ee728b)  -> (artifact id: '4d038b9e52280a8bb029c3212a713a11') in 0.076434 seconds 
  Import took 0.106085 seconds .

========================================================================
Received Import Request.
  Time since last request: 12.263880 seconds.
  path: Assets/Sprites/Run.png
  artifactKey: Guid(ac063f524cd0a8c4390979beca409393) Importer(815301076,1909f56bfc062723c751e8b465ee728b)
Start importing Assets/Sprites/Run.png using Guid(ac063f524cd0a8c4390979beca409393) Importer(815301076,1909f56bfc062723c751e8b465ee728b)  -> (artifact id: '8f1a3fdfdee7236262c40cb5bbfa4a9e') in 0.070781 seconds 
  Import took 0.126765 seconds .

========================================================================
Received Import Request.
  Time since last request: 5.496044 seconds.
  path: Assets/Sprites/Run.png
  artifactKey: Guid(ac063f524cd0a8c4390979beca409393) Importer(815301076,1909f56bfc062723c751e8b465ee728b)
Start importing Assets/Sprites/Run.png using Guid(ac063f524cd0a8c4390979beca409393) Importer(815301076,1909f56bfc062723c751e8b465ee728b)  -> (artifact id: 'fc1faa410923cc219b74d342a333258f') in 0.128588 seconds 
  Import took 0.160718 seconds .

========================================================================
Received Import Request.
  Time since last request: 10.703835 seconds.
  path: Assets/Sprites/Take_hit.png
  artifactKey: Guid(71a1b32f4d7d50f45841344a6491fd7c) Importer(815301076,1909f56bfc062723c751e8b465ee728b)
Start importing Assets/Sprites/Take_hit.png using Guid(71a1b32f4d7d50f45841344a6491fd7c) Importer(815301076,1909f56bfc062723c751e8b465ee728b)  -> (artifact id: '94d34f3110da572c9dcd6ddca1e9effd') in 0.093911 seconds 
  Import took 0.110923 seconds .

========================================================================
Received Import Request.
  Time since last request: 6.313829 seconds.
  path: Assets/Sprites/Take_hit.png
  artifactKey: Guid(71a1b32f4d7d50f45841344a6491fd7c) Importer(815301076,1909f56bfc062723c751e8b465ee728b)
Start importing Assets/Sprites/Take_hit.png using Guid(71a1b32f4d7d50f45841344a6491fd7c) Importer(815301076,1909f56bfc062723c751e8b465ee728b)  -> (artifact id: 'd4d91dba982fc2ecda6bdb2ed4fe6a81') in 0.118301 seconds 
  Import took 0.141206 seconds .

========================================================================
Received Import Request.
  Time since last request: 698.941482 seconds.
  path: Assets/Sprites/Attack1.png
  artifactKey: Guid(24456725639cdbc4db1b4a9f9a435a5d) Importer(815301076,1909f56bfc062723c751e8b465ee728b)
Start importing Assets/Sprites/Attack1.png using Guid(24456725639cdbc4db1b4a9f9a435a5d) Importer(815301076,1909f56bfc062723c751e8b465ee728b)  -> (artifact id: '868aef5bd300c9c1f7fde85af2a33e8f') in 0.059817 seconds 
  Import took 0.107263 seconds .

========================================================================
Received Import Request.
  Time since last request: 0.000434 seconds.
  path: Assets/Sprites/Death.png
  artifactKey: Guid(f125434880bdcb641a6d20ce7126295e) Importer(815301076,1909f56bfc062723c751e8b465ee728b)
Start importing Assets/Sprites/Death.png using Guid(f125434880bdcb641a6d20ce7126295e) Importer(815301076,1909f56bfc062723c751e8b465ee728b)  -> (artifact id: '9b752195f951fd786a77f707b1701872') in 0.083830 seconds 
  Import took 0.092795 seconds .

========================================================================
Received Import Request.
  Time since last request: 0.000475 seconds.
  path: Assets/Sprites/Jump.png
  artifactKey: Guid(5b1ef47754ab3e445a4805b53686fbe5) Importer(815301076,1909f56bfc062723c751e8b465ee728b)
Start importing Assets/Sprites/Jump.png using Guid(5b1ef47754ab3e445a4805b53686fbe5) Importer(815301076,1909f56bfc062723c751e8b465ee728b)  -> (artifact id: '5bf25e611756c90c434caeec21d81839') in 0.039909 seconds 
  Import took 0.061945 seconds .

========================================================================
Received Import Request.
  Time since last request: 0.000460 seconds.
  path: Assets/Sprites/Idle.png
  artifactKey: Guid(9be8a95f38c99544e9dc496e4023684a) Importer(815301076,1909f56bfc062723c751e8b465ee728b)
Start importing Assets/Sprites/Idle.png using Guid(9be8a95f38c99544e9dc496e4023684a) Importer(815301076,1909f56bfc062723c751e8b465ee728b)  -> (artifact id: '87688571e6bd4f7b95a6aa49329721f7') in 0.080471 seconds 
  Import took 0.097366 seconds .

========================================================================
Received Import Request.
  Time since last request: 0.000725 seconds.
  path: Assets/Sprites/Take hit.png
  artifactKey: Guid(9405fd882abd50e46b3b76ccb293ec65) Importer(815301076,1909f56bfc062723c751e8b465ee728b)
Start importing Assets/Sprites/Take hit.png using Guid(9405fd882abd50e46b3b76ccb293ec65) Importer(815301076,1909f56bfc062723c751e8b465ee728b)  -> (artifact id: 'cea1ddcfaf82bebb3f058dde5dda94ce') in 0.043427 seconds 
  Import took 0.051251 seconds .

========================================================================
Received Import Request.
  Time since last request: 0.000417 seconds.
  path: Assets/Sprites/Run.png
  artifactKey: Guid(ac063f524cd0a8c4390979beca409393) Importer(815301076,1909f56bfc062723c751e8b465ee728b)
Start importing Assets/Sprites/Run.png using Guid(ac063f524cd0a8c4390979beca409393) Importer(815301076,1909f56bfc062723c751e8b465ee728b)  -> (artifact id: '5829613f31923f41784b85642e5b11d4') in 0.082368 seconds 
  Import took 0.089876 seconds .

========================================================================
Received Import Request.
  Time since last request: 0.000442 seconds.
  path: Assets/Sprites/Fall.png
  artifactKey: Guid(cf89390179619464d8b1e25a1a450829) Importer(815301076,1909f56bfc062723c751e8b465ee728b)
Start importing Assets/Sprites/Fall.png using Guid(cf89390179619464d8b1e25a1a450829) Importer(815301076,1909f56bfc062723c751e8b465ee728b)  -> (artifact id: '2a599cbc39f7a5594b487e67f6ca221e') in 0.036336 seconds 
  Import took 0.043964 seconds .

========================================================================
Received Import Request.
  Time since last request: 0.000410 seconds.
  path: Assets/Sprites/Attack2.png
  artifactKey: Guid(9305aebd288785f488ef1433c4097b42) Importer(815301076,1909f56bfc062723c751e8b465ee728b)
Start importing Assets/Sprites/Attack2.png using Guid(9305aebd288785f488ef1433c4097b42) Importer(815301076,1909f56bfc062723c751e8b465ee728b)  -> (artifact id: '0b6b6387c79585ad3d2d5dba1f593061') in 0.093921 seconds 
  Import took 0.102318 seconds .

========================================================================
Received Import Request.
  Time since last request: 0.000487 seconds.
  path: Assets/Sprites/Attack3.png
  artifactKey: Guid(d5912dedd110515418e03d837b86f6ba) Importer(815301076,1909f56bfc062723c751e8b465ee728b)
Start importing Assets/Sprites/Attack3.png using Guid(d5912dedd110515418e03d837b86f6ba) Importer(815301076,1909f56bfc062723c751e8b465ee728b)  -> (artifact id: '2e9259cc480a09fd3881bcaca2492b48') in 0.092783 seconds 
  Import took 0.100973 seconds .

========================================================================
Received Import Request.
  Time since last request: 19.798532 seconds.
  path: Assets/Sprites/Idle.png
  artifactKey: Guid(9be8a95f38c99544e9dc496e4023684a) Importer(815301076,1909f56bfc062723c751e8b465ee728b)
Start importing Assets/Sprites/Idle.png using Guid(9be8a95f38c99544e9dc496e4023684a) Importer(815301076,1909f56bfc062723c751e8b465ee728b)  -> (artifact id: '7a1bc2c7e0875223a4316aba6feb0e8c') in 0.066847 seconds 
  Import took 0.096704 seconds .

========================================================================
Received Import Request.
  Time since last request: 9.195195 seconds.
  path: Assets/Sprites/Idle.png
  artifactKey: Guid(9be8a95f38c99544e9dc496e4023684a) Importer(815301076,1909f56bfc062723c751e8b465ee728b)
Start importing Assets/Sprites/Idle.png using Guid(9be8a95f38c99544e9dc496e4023684a) Importer(815301076,1909f56bfc062723c751e8b465ee728b)  -> (artifact id: '0d12d44b257b72752fe5c57556e791d4') in 0.173093 seconds 
  Import took 0.198156 seconds .

========================================================================
Received Import Request.
  Time since last request: 32.136647 seconds.
  path: Assets/Sprites/Idle.png
  artifactKey: Guid(9be8a95f38c99544e9dc496e4023684a) Importer(815301076,1909f56bfc062723c751e8b465ee728b)
Start importing Assets/Sprites/Idle.png using Guid(9be8a95f38c99544e9dc496e4023684a) Importer(815301076,1909f56bfc062723c751e8b465ee728b)  -> (artifact id: '7d1aec1669195077d2b67994eb22293d') in 0.099511 seconds 
  Import took 0.123027 seconds .

========================================================================
Received Import Request.
  Time since last request: 9.205840 seconds.
  path: Assets/Sprites/Attack1.png
  artifactKey: Guid(24456725639cdbc4db1b4a9f9a435a5d) Importer(815301076,1909f56bfc062723c751e8b465ee728b)
Start importing Assets/Sprites/Attack1.png using Guid(24456725639cdbc4db1b4a9f9a435a5d) Importer(815301076,1909f56bfc062723c751e8b465ee728b)  -> (artifact id: '4c1aa85ac6893b6de3713cf7852a057e') in 0.069972 seconds 
  Import took 0.086500 seconds .

========================================================================
Received Import Request.
  Time since last request: 3.379605 seconds.
  path: Assets/Sprites/Attack1.png
  artifactKey: Guid(24456725639cdbc4db1b4a9f9a435a5d) Importer(815301076,1909f56bfc062723c751e8b465ee728b)
Start importing Assets/Sprites/Attack1.png using Guid(24456725639cdbc4db1b4a9f9a435a5d) Importer(815301076,1909f56bfc062723c751e8b465ee728b)  -> (artifact id: '1bc676e2ec8c8b47820c3e78fee1688a') in 0.203040 seconds 
  Import took 0.212692 seconds .

========================================================================
Received Import Request.
  Time since last request: 18.620465 seconds.
  path: Assets/Sprites/Attack2.png
  artifactKey: Guid(9305aebd288785f488ef1433c4097b42) Importer(815301076,1909f56bfc062723c751e8b465ee728b)
Start importing Assets/Sprites/Attack2.png using Guid(9305aebd288785f488ef1433c4097b42) Importer(815301076,1909f56bfc062723c751e8b465ee728b)  -> (artifact id: '9cd6dcda0be6841e97e7f284bd351c98') in 0.059001 seconds 
  Import took 0.075286 seconds .

========================================================================
Received Import Request.
  Time since last request: 6.166873 seconds.
  path: Assets/Sprites/Attack2.png
  artifactKey: Guid(9305aebd288785f488ef1433c4097b42) Importer(815301076,1909f56bfc062723c751e8b465ee728b)
Start importing Assets/Sprites/Attack2.png using Guid(9305aebd288785f488ef1433c4097b42) Importer(815301076,1909f56bfc062723c751e8b465ee728b)  -> (artifact id: '412de5987eaca5c4abb8176f47376efc') in 0.313150 seconds 
  Import took 0.333515 seconds .

========================================================================
Received Import Request.
  Time since last request: 5.524878 seconds.
  path: Assets/Sprites/Attack3.png
  artifactKey: Guid(d5912dedd110515418e03d837b86f6ba) Importer(815301076,1909f56bfc062723c751e8b465ee728b)
Start importing Assets/Sprites/Attack3.png using Guid(d5912dedd110515418e03d837b86f6ba) Importer(815301076,1909f56bfc062723c751e8b465ee728b)  -> (artifact id: '9ae3c5100f2904cdd000a56fd41ebe37') in 0.065747 seconds 
  Import took 0.080328 seconds .

========================================================================
Received Import Request.
  Time since last request: 3.317206 seconds.
  path: Assets/Sprites/Attack3.png
  artifactKey: Guid(d5912dedd110515418e03d837b86f6ba) Importer(815301076,1909f56bfc062723c751e8b465ee728b)
Start importing Assets/Sprites/Attack3.png using Guid(d5912dedd110515418e03d837b86f6ba) Importer(815301076,1909f56bfc062723c751e8b465ee728b)  -> (artifact id: '9d61e38bda8c31d850030947fa8cb207') in 0.269634 seconds 
  Import took 0.303733 seconds .

========================================================================
Received Import Request.
  Time since last request: 6.203988 seconds.
  path: Assets/Sprites/Death.png
  artifactKey: Guid(f125434880bdcb641a6d20ce7126295e) Importer(815301076,1909f56bfc062723c751e8b465ee728b)
Start importing Assets/Sprites/Death.png using Guid(f125434880bdcb641a6d20ce7126295e) Importer(815301076,1909f56bfc062723c751e8b465ee728b)  -> (artifact id: '5a692652a697d916f7ca39d52a5ca0ac') in 0.082333 seconds 
  Import took 0.102012 seconds .

========================================================================
Received Import Request.
  Time since last request: 4.388705 seconds.
  path: Assets/Sprites/Death.png
  artifactKey: Guid(f125434880bdcb641a6d20ce7126295e) Importer(815301076,1909f56bfc062723c751e8b465ee728b)
Start importing Assets/Sprites/Death.png using Guid(f125434880bdcb641a6d20ce7126295e) Importer(815301076,1909f56bfc062723c751e8b465ee728b)  -> (artifact id: '0a1ce01a64a9d765403ef9b87d47ebd5') in 0.140013 seconds 
  Import took 0.159752 seconds .

========================================================================
Received Import Request.
  Time since last request: 6.716133 seconds.
  path: Assets/Sprites/Fall.png
  artifactKey: Guid(cf89390179619464d8b1e25a1a450829) Importer(815301076,1909f56bfc062723c751e8b465ee728b)
Start importing Assets/Sprites/Fall.png using Guid(cf89390179619464d8b1e25a1a450829) Importer(815301076,1909f56bfc062723c751e8b465ee728b)  -> (artifact id: 'ddc99c35d7ea31e5f3813f032dfdd4b9') in 0.061951 seconds 
  Import took 0.074880 seconds .

========================================================================
Received Import Request.
  Time since last request: 4.744430 seconds.
  path: Assets/Sprites/Fall.png
  artifactKey: Guid(cf89390179619464d8b1e25a1a450829) Importer(815301076,1909f56bfc062723c751e8b465ee728b)
Start importing Assets/Sprites/Fall.png using Guid(cf89390179619464d8b1e25a1a450829) Importer(815301076,1909f56bfc062723c751e8b465ee728b)  -> (artifact id: 'fd05ae32e242b2744437122b33fde885') in 0.093730 seconds 
  Import took 0.111817 seconds .

========================================================================
Received Import Request.
  Time since last request: 13.587691 seconds.
  path: Assets/Sprites/Jump.png
  artifactKey: Guid(5b1ef47754ab3e445a4805b53686fbe5) Importer(815301076,1909f56bfc062723c751e8b465ee728b)
Start importing Assets/Sprites/Jump.png using Guid(5b1ef47754ab3e445a4805b53686fbe5) Importer(815301076,1909f56bfc062723c751e8b465ee728b)  -> (artifact id: '4a18f494b01d4153a224b57ef63b6bf9') in 0.070721 seconds 
  Import took 0.094452 seconds .

========================================================================
Received Import Request.
  Time since last request: 4.032181 seconds.
  path: Assets/Sprites/Jump.png
  artifactKey: Guid(5b1ef47754ab3e445a4805b53686fbe5) Importer(815301076,1909f56bfc062723c751e8b465ee728b)
Start importing Assets/Sprites/Jump.png using Guid(5b1ef47754ab3e445a4805b53686fbe5) Importer(815301076,1909f56bfc062723c751e8b465ee728b)  -> (artifact id: 'b6d50e427c331b95cb9c0de52b985e45') in 0.071759 seconds 
  Import took 0.082403 seconds .

========================================================================
Received Import Request.
  Time since last request: 7.663734 seconds.
  path: Assets/Sprites/Run.png
  artifactKey: Guid(ac063f524cd0a8c4390979beca409393) Importer(815301076,1909f56bfc062723c751e8b465ee728b)
Start importing Assets/Sprites/Run.png using Guid(ac063f524cd0a8c4390979beca409393) Importer(815301076,1909f56bfc062723c751e8b465ee728b)  -> (artifact id: 'f9bb98ec0bd2c2665fdbb44ea2413f8e') in 0.056161 seconds 
  Import took 0.074034 seconds .

========================================================================
Received Import Request.
  Time since last request: 4.282772 seconds.
  path: Assets/Sprites/Run.png
  artifactKey: Guid(ac063f524cd0a8c4390979beca409393) Importer(815301076,1909f56bfc062723c751e8b465ee728b)
Start importing Assets/Sprites/Run.png using Guid(ac063f524cd0a8c4390979beca409393) Importer(815301076,1909f56bfc062723c751e8b465ee728b)  -> (artifact id: '0fe694e128e481f7f9235a9eb8ade671') in 0.151615 seconds 
  Import took 0.176153 seconds .

========================================================================
Received Import Request.
  Time since last request: 9.878362 seconds.
  path: Assets/Sprites/Take hit.png
  artifactKey: Guid(9405fd882abd50e46b3b76ccb293ec65) Importer(815301076,1909f56bfc062723c751e8b465ee728b)
Start importing Assets/Sprites/Take hit.png using Guid(9405fd882abd50e46b3b76ccb293ec65) Importer(815301076,1909f56bfc062723c751e8b465ee728b)  -> (artifact id: 'd57b18c9b02d045bc04153f517b6583d') in 0.103973 seconds 
  Import took 0.160225 seconds .

========================================================================
Received Import Request.
  Time since last request: 3.422154 seconds.
  path: Assets/Sprites/Take hit.png
  artifactKey: Guid(9405fd882abd50e46b3b76ccb293ec65) Importer(815301076,1909f56bfc062723c751e8b465ee728b)
Start importing Assets/Sprites/Take hit.png using Guid(9405fd882abd50e46b3b76ccb293ec65) Importer(815301076,1909f56bfc062723c751e8b465ee728b)  -> (artifact id: '29f269004e292968d510de6e1373f952') in 0.090329 seconds 
  Import took 0.100363 seconds .

========================================================================
Received Prepare
Registering precompiled user dll's ...
Registered in 0.035863 seconds.
Begin MonoManager ReloadAssembly
Native extension for WindowsStandalone target not found
Refreshing native plugins compatible for Editor in 1.46 ms, found 3 plugins.
Preloading 0 native plugins for Editor in 0.00 ms.
Mono: successfully reloaded assembly
- Completed reload, in  3.728 seconds
Domain Reload Profiling:
	ReloadAssembly (3729ms)
		BeginReloadAssembly (344ms)
			ExecutionOrderSort (0ms)
			DisableScriptedObjects (17ms)
			BackupInstance (0ms)
			ReleaseScriptingObjects (0ms)
			CreateAndSetChildDomain (91ms)
		EndReloadAssembly (3191ms)
			LoadAssemblies (330ms)
			RebuildTransferFunctionScriptingTraits (0ms)
			SetupTypeCache (1108ms)
			ReleaseScriptCaches (3ms)
			RebuildScriptCaches (152ms)
			SetupLoadedEditorAssemblies (1260ms)
				LogAssemblyErrors (0ms)
				InitializePlatformSupportModulesInManaged (16ms)
				SetLoadedEditorAssemblies (2ms)
				RefreshPlugins (2ms)
				BeforeProcessingInitializeOnLoad (455ms)
				ProcessInitializeOnLoadAttributes (691ms)
				ProcessInitializeOnLoadMethodAttributes (48ms)
				AfterProcessingInitializeOnLoad (45ms)
				EditorAssembliesLoaded (0ms)
			ExecutionOrderSort2 (0ms)
			AwakeInstancesAfterBackupRestoration (32ms)
Platform modules already initialized, skipping
Refreshing native plugins compatible for Editor in 2.79 ms, found 3 plugins.
Preloading 0 native plugins for Editor in 0.00 ms.
Unloading 2226 Unused Serialized files (Serialized files now loaded: 0)
System memory in use before: 101.9 MB.
System memory in use after: 102.1 MB.

Unloading 17 unused Assets to reduce memory usage. Loaded Objects now: 2977.
Total: 27.970000 ms (FindLiveObjects: 1.914600 ms CreateObjectMapping: 3.837700 ms MarkObjects: 22.044200 ms  DeleteObjects: 0.169900 ms)

AssetImportParameters requested are different than current active one (requested -> active):
  custom:framework-win-MediaFoundation: 216162199b28c13a410421893ffa2e32 -> 
  custom:video-decoder-ogg-theora: a1e56fd34408186e4bbccfd4996cb3dc -> 
  custom:container-muxer-webm: aa71ff27fc2769a1b78a27578f13a17b -> 
  custom:container-demuxer-webm: 4f35f7cbe854078d1ac9338744f61a02 -> 
  custom:container-demuxer-ogg: 62fdf1f143b41e24485cea50d1cbac27 -> 
  custom:video-encoder-webm-vp8: eb34c28f22e8b96e1ab97ce403110664 -> 
  custom:video-decoder-webm-vp8: 9c59270c3fd7afecdb556c50c9e8de78 -> 
  custom:audio-decoder-ogg-vorbis: bf7c407c2cedff20999df2af8eb42d56 -> 
  custom:audio-encoder-webm-vorbis: bf7c407c2cedff20999df2af8eb42d56 -> 
========================================================================
Received Prepare
Registering precompiled user dll's ...
Registered in 0.051463 seconds.
Begin MonoManager ReloadAssembly
Native extension for WindowsStandalone target not found
Refreshing native plugins compatible for Editor in 1.43 ms, found 3 plugins.
Preloading 0 native plugins for Editor in 0.00 ms.
Mono: successfully reloaded assembly
- Completed reload, in  5.215 seconds
Domain Reload Profiling:
	ReloadAssembly (5217ms)
		BeginReloadAssembly (624ms)
			ExecutionOrderSort (0ms)
			DisableScriptedObjects (21ms)
			BackupInstance (0ms)
			ReleaseScriptingObjects (0ms)
			CreateAndSetChildDomain (180ms)
		EndReloadAssembly (4250ms)
			LoadAssemblies (940ms)
			RebuildTransferFunctionScriptingTraits (0ms)
			SetupTypeCache (1342ms)
			ReleaseScriptCaches (3ms)
			RebuildScriptCaches (197ms)
			SetupLoadedEditorAssemblies (1450ms)
				LogAssemblyErrors (0ms)
				InitializePlatformSupportModulesInManaged (18ms)
				SetLoadedEditorAssemblies (1ms)
				RefreshPlugins (2ms)
				BeforeProcessingInitializeOnLoad (374ms)
				ProcessInitializeOnLoadAttributes (949ms)
				ProcessInitializeOnLoadMethodAttributes (62ms)
				AfterProcessingInitializeOnLoad (45ms)
				EditorAssembliesLoaded (0ms)
			ExecutionOrderSort2 (0ms)
			AwakeInstancesAfterBackupRestoration (42ms)
Platform modules already initialized, skipping
Refreshing native plugins compatible for Editor in 9.83 ms, found 3 plugins.
Preloading 0 native plugins for Editor in 0.00 ms.
Unloading 2226 Unused Serialized files (Serialized files now loaded: 0)
System memory in use before: 101.9 MB.
System memory in use after: 102.2 MB.

Unloading 17 unused Assets to reduce memory usage. Loaded Objects now: 2979.
Total: 35.612600 ms (FindLiveObjects: 1.786600 ms CreateObjectMapping: 0.629900 ms MarkObjects: 32.275400 ms  DeleteObjects: 0.915500 ms)

AssetImportParameters requested are different than current active one (requested -> active):
  custom:framework-win-MediaFoundation: 216162199b28c13a410421893ffa2e32 -> 
  custom:video-decoder-ogg-theora: a1e56fd34408186e4bbccfd4996cb3dc -> 
  custom:container-muxer-webm: aa71ff27fc2769a1b78a27578f13a17b -> 
  custom:container-demuxer-webm: 4f35f7cbe854078d1ac9338744f61a02 -> 
  custom:container-demuxer-ogg: 62fdf1f143b41e24485cea50d1cbac27 -> 
  custom:video-encoder-webm-vp8: eb34c28f22e8b96e1ab97ce403110664 -> 
  custom:video-decoder-webm-vp8: 9c59270c3fd7afecdb556c50c9e8de78 -> 
  custom:audio-decoder-ogg-vorbis: bf7c407c2cedff20999df2af8eb42d56 -> 
  custom:audio-encoder-webm-vorbis: bf7c407c2cedff20999df2af8eb42d56 -> 
========================================================================
Received Prepare
Registering precompiled user dll's ...
Registered in 0.032113 seconds.
Begin MonoManager ReloadAssembly
Native extension for WindowsStandalone target not found
Refreshing native plugins compatible for Editor in 2.06 ms, found 3 plugins.
Preloading 0 native plugins for Editor in 0.00 ms.
Mono: successfully reloaded assembly
- Completed reload, in  5.048 seconds
Domain Reload Profiling:
	ReloadAssembly (5049ms)
		BeginReloadAssembly (595ms)
			ExecutionOrderSort (0ms)
			DisableScriptedObjects (21ms)
			BackupInstance (0ms)
			ReleaseScriptingObjects (0ms)
			CreateAndSetChildDomain (220ms)
		EndReloadAssembly (4138ms)
			LoadAssemblies (916ms)
			RebuildTransferFunctionScriptingTraits (0ms)
			SetupTypeCache (1341ms)
			ReleaseScriptCaches (3ms)
			RebuildScriptCaches (205ms)
			SetupLoadedEditorAssemblies (1386ms)
				LogAssemblyErrors (0ms)
				InitializePlatformSupportModulesInManaged (15ms)
				SetLoadedEditorAssemblies (4ms)
				RefreshPlugins (3ms)
				BeforeProcessingInitializeOnLoad (367ms)
				ProcessInitializeOnLoadAttributes (887ms)
				ProcessInitializeOnLoadMethodAttributes (59ms)
				AfterProcessingInitializeOnLoad (51ms)
				EditorAssembliesLoaded (0ms)
			ExecutionOrderSort2 (0ms)
			AwakeInstancesAfterBackupRestoration (35ms)
Platform modules already initialized, skipping
Refreshing native plugins compatible for Editor in 8.45 ms, found 3 plugins.
Preloading 0 native plugins for Editor in 0.00 ms.
Unloading 2226 Unused Serialized files (Serialized files now loaded: 0)
System memory in use before: 102.0 MB.
System memory in use after: 102.2 MB.

Unloading 17 unused Assets to reduce memory usage. Loaded Objects now: 2981.
Total: 39.467800 ms (FindLiveObjects: 2.243200 ms CreateObjectMapping: 0.410300 ms MarkObjects: 36.706500 ms  DeleteObjects: 0.102200 ms)

AssetImportParameters requested are different than current active one (requested -> active):
  custom:framework-win-MediaFoundation: 216162199b28c13a410421893ffa2e32 -> 
  custom:video-decoder-ogg-theora: a1e56fd34408186e4bbccfd4996cb3dc -> 
  custom:container-muxer-webm: aa71ff27fc2769a1b78a27578f13a17b -> 
  custom:container-demuxer-webm: 4f35f7cbe854078d1ac9338744f61a02 -> 
  custom:container-demuxer-ogg: 62fdf1f143b41e24485cea50d1cbac27 -> 
  custom:video-encoder-webm-vp8: eb34c28f22e8b96e1ab97ce403110664 -> 
  custom:video-decoder-webm-vp8: 9c59270c3fd7afecdb556c50c9e8de78 -> 
  custom:audio-decoder-ogg-vorbis: bf7c407c2cedff20999df2af8eb42d56 -> 
  custom:audio-encoder-webm-vorbis: bf7c407c2cedff20999df2af8eb42d56 -> 
========================================================================
Received Prepare
Registering precompiled user dll's ...
Registered in 0.049627 seconds.
Begin MonoManager ReloadAssembly
Native extension for WindowsStandalone target not found
Refreshing native plugins compatible for Editor in 1.35 ms, found 3 plugins.
Preloading 0 native plugins for Editor in 0.00 ms.
Mono: successfully reloaded assembly
- Completed reload, in  5.207 seconds
Domain Reload Profiling:
	ReloadAssembly (5208ms)
		BeginReloadAssembly (485ms)
			ExecutionOrderSort (0ms)
			DisableScriptedObjects (24ms)
			BackupInstance (0ms)
			ReleaseScriptingObjects (0ms)
			CreateAndSetChildDomain (118ms)
		EndReloadAssembly (4006ms)
			LoadAssemblies (519ms)
			RebuildTransferFunctionScriptingTraits (0ms)
			SetupTypeCache (1325ms)
			ReleaseScriptCaches (3ms)
			RebuildScriptCaches (200ms)
			SetupLoadedEditorAssemblies (1480ms)
				LogAssemblyErrors (0ms)
				InitializePlatformSupportModulesInManaged (15ms)
				SetLoadedEditorAssemblies (2ms)
				RefreshPlugins (2ms)
				BeforeProcessingInitializeOnLoad (398ms)
				ProcessInitializeOnLoadAttributes (922ms)
				ProcessInitializeOnLoadMethodAttributes (75ms)
				AfterProcessingInitializeOnLoad (66ms)
				EditorAssembliesLoaded (1ms)
			ExecutionOrderSort2 (0ms)
			AwakeInstancesAfterBackupRestoration (73ms)
Platform modules already initialized, skipping
Refreshing native plugins compatible for Editor in 6.52 ms, found 3 plugins.
Preloading 0 native plugins for Editor in 0.00 ms.
Unloading 2226 Unused Serialized files (Serialized files now loaded: 0)
System memory in use before: 102.0 MB.
System memory in use after: 102.2 MB.

Unloading 17 unused Assets to reduce memory usage. Loaded Objects now: 2983.
Total: 57.583400 ms (FindLiveObjects: 9.276900 ms CreateObjectMapping: 2.299600 ms MarkObjects: 45.905300 ms  DeleteObjects: 0.093000 ms)

AssetImportParameters requested are different than current active one (requested -> active):
  custom:framework-win-MediaFoundation: 216162199b28c13a410421893ffa2e32 -> 
  custom:video-decoder-ogg-theora: a1e56fd34408186e4bbccfd4996cb3dc -> 
  custom:container-muxer-webm: aa71ff27fc2769a1b78a27578f13a17b -> 
  custom:container-demuxer-webm: 4f35f7cbe854078d1ac9338744f61a02 -> 
  custom:container-demuxer-ogg: 62fdf1f143b41e24485cea50d1cbac27 -> 
  custom:video-encoder-webm-vp8: eb34c28f22e8b96e1ab97ce403110664 -> 
  custom:video-decoder-webm-vp8: 9c59270c3fd7afecdb556c50c9e8de78 -> 
  custom:audio-decoder-ogg-vorbis: bf7c407c2cedff20999df2af8eb42d56 -> 
  custom:audio-encoder-webm-vorbis: bf7c407c2cedff20999df2af8eb42d56 -> 
========================================================================
Received Prepare
Registering precompiled user dll's ...
Registered in 0.034396 seconds.
Begin MonoManager ReloadAssembly
Native extension for WindowsStandalone target not found
Refreshing native plugins compatible for Editor in 1.74 ms, found 3 plugins.
Preloading 0 native plugins for Editor in 0.00 ms.
Mono: successfully reloaded assembly
- Completed reload, in  5.198 seconds
Domain Reload Profiling:
	ReloadAssembly (5200ms)
		BeginReloadAssembly (493ms)
			ExecutionOrderSort (0ms)
			DisableScriptedObjects (24ms)
			BackupInstance (0ms)
			ReleaseScriptingObjects (0ms)
			CreateAndSetChildDomain (119ms)
		EndReloadAssembly (4340ms)
			LoadAssemblies (537ms)
			RebuildTransferFunctionScriptingTraits (0ms)
			SetupTypeCache (1547ms)
			ReleaseScriptCaches (5ms)
			RebuildScriptCaches (207ms)
			SetupLoadedEditorAssemblies (1744ms)
				LogAssemblyErrors (0ms)
				InitializePlatformSupportModulesInManaged (15ms)
				SetLoadedEditorAssemblies (2ms)
				RefreshPlugins (2ms)
				BeforeProcessingInitializeOnLoad (401ms)
				ProcessInitializeOnLoadAttributes (1163ms)
				ProcessInitializeOnLoadMethodAttributes (110ms)
				AfterProcessingInitializeOnLoad (52ms)
				EditorAssembliesLoaded (0ms)
			ExecutionOrderSort2 (0ms)
			AwakeInstancesAfterBackupRestoration (38ms)
Platform modules already initialized, skipping
Refreshing native plugins compatible for Editor in 4.98 ms, found 3 plugins.
Preloading 0 native plugins for Editor in 0.00 ms.
Unloading 2226 Unused Serialized files (Serialized files now loaded: 0)
System memory in use before: 101.9 MB.
System memory in use after: 102.1 MB.

Unloading 17 unused Assets to reduce memory usage. Loaded Objects now: 2985.
Total: 30.303300 ms (FindLiveObjects: 3.855400 ms CreateObjectMapping: 0.495700 ms MarkObjects: 25.887600 ms  DeleteObjects: 0.059300 ms)

AssetImportParameters requested are different than current active one (requested -> active):
  custom:framework-win-MediaFoundation: 216162199b28c13a410421893ffa2e32 -> 
  custom:video-decoder-ogg-theora: a1e56fd34408186e4bbccfd4996cb3dc -> 
  custom:container-muxer-webm: aa71ff27fc2769a1b78a27578f13a17b -> 
  custom:container-demuxer-webm: 4f35f7cbe854078d1ac9338744f61a02 -> 
  custom:container-demuxer-ogg: 62fdf1f143b41e24485cea50d1cbac27 -> 
  custom:video-encoder-webm-vp8: eb34c28f22e8b96e1ab97ce403110664 -> 
  custom:video-decoder-webm-vp8: 9c59270c3fd7afecdb556c50c9e8de78 -> 
  custom:audio-decoder-ogg-vorbis: bf7c407c2cedff20999df2af8eb42d56 -> 
  custom:audio-encoder-webm-vorbis: bf7c407c2cedff20999df2af8eb42d56 -> 
========================================================================
Received Prepare
Registering precompiled user dll's ...
Registered in 0.027185 seconds.
Begin MonoManager ReloadAssembly
Native extension for WindowsStandalone target not found
Refreshing native plugins compatible for Editor in 1.45 ms, found 3 plugins.
Preloading 0 native plugins for Editor in 0.00 ms.
Mono: successfully reloaded assembly
- Completed reload, in  5.258 seconds
Domain Reload Profiling:
	ReloadAssembly (5259ms)
		BeginReloadAssembly (605ms)
			ExecutionOrderSort (0ms)
			DisableScriptedObjects (21ms)
			BackupInstance (0ms)
			ReleaseScriptingObjects (0ms)
			CreateAndSetChildDomain (169ms)
		EndReloadAssembly (3924ms)
			LoadAssemblies (516ms)
			RebuildTransferFunctionScriptingTraits (0ms)
			SetupTypeCache (1458ms)
			ReleaseScriptCaches (4ms)
			RebuildScriptCaches (177ms)
			SetupLoadedEditorAssemblies (1436ms)
				LogAssemblyErrors (0ms)
				InitializePlatformSupportModulesInManaged (23ms)
				SetLoadedEditorAssemblies (2ms)
				RefreshPlugins (2ms)
				BeforeProcessingInitializeOnLoad (406ms)
				ProcessInitializeOnLoadAttributes (896ms)
				ProcessInitializeOnLoadMethodAttributes (54ms)
				AfterProcessingInitializeOnLoad (54ms)
				EditorAssembliesLoaded (0ms)
			ExecutionOrderSort2 (0ms)
			AwakeInstancesAfterBackupRestoration (57ms)
Platform modules already initialized, skipping
Refreshing native plugins compatible for Editor in 5.48 ms, found 3 plugins.
Preloading 0 native plugins for Editor in 0.00 ms.
Unloading 2226 Unused Serialized files (Serialized files now loaded: 0)
System memory in use before: 101.9 MB.
System memory in use after: 102.1 MB.

Unloading 17 unused Assets to reduce memory usage. Loaded Objects now: 2987.
Total: 30.266200 ms (FindLiveObjects: 1.732200 ms CreateObjectMapping: 0.410300 ms MarkObjects: 28.048200 ms  DeleteObjects: 0.069800 ms)

AssetImportParameters requested are different than current active one (requested -> active):
  custom:framework-win-MediaFoundation: 216162199b28c13a410421893ffa2e32 -> 
  custom:video-decoder-ogg-theora: a1e56fd34408186e4bbccfd4996cb3dc -> 
  custom:container-muxer-webm: aa71ff27fc2769a1b78a27578f13a17b -> 
  custom:container-demuxer-webm: 4f35f7cbe854078d1ac9338744f61a02 -> 
  custom:container-demuxer-ogg: 62fdf1f143b41e24485cea50d1cbac27 -> 
  custom:video-encoder-webm-vp8: eb34c28f22e8b96e1ab97ce403110664 -> 
  custom:video-decoder-webm-vp8: 9c59270c3fd7afecdb556c50c9e8de78 -> 
  custom:audio-decoder-ogg-vorbis: bf7c407c2cedff20999df2af8eb42d56 -> 
  custom:audio-encoder-webm-vorbis: bf7c407c2cedff20999df2af8eb42d56 -> 
========================================================================
Received Prepare
Registering precompiled user dll's ...
Registered in 0.025901 seconds.
Begin MonoManager ReloadAssembly
Native extension for WindowsStandalone target not found
Refreshing native plugins compatible for Editor in 2.85 ms, found 3 plugins.
Preloading 0 native plugins for Editor in 0.00 ms.
Mono: successfully reloaded assembly
- Completed reload, in  5.251 seconds
Domain Reload Profiling:
	ReloadAssembly (5252ms)
		BeginReloadAssembly (600ms)
			ExecutionOrderSort (0ms)
			DisableScriptedObjects (36ms)
			BackupInstance (0ms)
			ReleaseScriptingObjects (0ms)
			CreateAndSetChildDomain (152ms)
		EndReloadAssembly (4127ms)
			LoadAssemblies (603ms)
			RebuildTransferFunctionScriptingTraits (0ms)
			SetupTypeCache (1336ms)
			ReleaseScriptCaches (3ms)
			RebuildScriptCaches (186ms)
			SetupLoadedEditorAssemblies (1610ms)
				LogAssemblyErrors (0ms)
				InitializePlatformSupportModulesInManaged (17ms)
				SetLoadedEditorAssemblies (5ms)
				RefreshPlugins (4ms)
				BeforeProcessingInitializeOnLoad (427ms)
				ProcessInitializeOnLoadAttributes (1053ms)
				ProcessInitializeOnLoadMethodAttributes (49ms)
				AfterProcessingInitializeOnLoad (55ms)
				EditorAssembliesLoaded (1ms)
			ExecutionOrderSort2 (0ms)
			AwakeInstancesAfterBackupRestoration (41ms)
Platform modules already initialized, skipping
Refreshing native plugins compatible for Editor in 1.61 ms, found 3 plugins.
Preloading 0 native plugins for Editor in 0.00 ms.
Unloading 2226 Unused Serialized files (Serialized files now loaded: 0)
System memory in use before: 101.9 MB.
System memory in use after: 102.1 MB.

Unloading 17 unused Assets to reduce memory usage. Loaded Objects now: 2989.
Total: 7.459200 ms (FindLiveObjects: 0.623100 ms CreateObjectMapping: 0.332500 ms MarkObjects: 6.454100 ms  DeleteObjects: 0.045400 ms)

AssetImportParameters requested are different than current active one (requested -> active):
  custom:framework-win-MediaFoundation: 216162199b28c13a410421893ffa2e32 -> 
  custom:video-decoder-ogg-theora: a1e56fd34408186e4bbccfd4996cb3dc -> 
  custom:container-muxer-webm: aa71ff27fc2769a1b78a27578f13a17b -> 
  custom:container-demuxer-webm: 4f35f7cbe854078d1ac9338744f61a02 -> 
  custom:container-demuxer-ogg: 62fdf1f143b41e24485cea50d1cbac27 -> 
  custom:video-encoder-webm-vp8: eb34c28f22e8b96e1ab97ce403110664 -> 
  custom:video-decoder-webm-vp8: 9c59270c3fd7afecdb556c50c9e8de78 -> 
  custom:audio-decoder-ogg-vorbis: bf7c407c2cedff20999df2af8eb42d56 -> 
  custom:audio-encoder-webm-vorbis: bf7c407c2cedff20999df2af8eb42d56 -> 
AssetImportWorkerClient::OnTransportError - code=2 error=End of file
