Using pre-set license
Built from '2020.3/staging' branch; Version is '2020.3.26f1 (7298b473bc1a) revision 7510196'; Using compiler version '192528614'; Build Type 'Release'
OS: 'Windows 10  (10.0.19043) 64bit Core' Language: 'en' Physical Memory: 3968 MB
BatchMode: 1, IsHumanControllingUs: 0, StartBugReporterOnCrash: 0, Is64bit: 1, IsPro: 0

COMMAND LINE ARGUMENTS:
C:\Program Files\Unity\Hub\Editor\2020.3.26f1\Editor\Unity.exe
-adb2
-batchMode
-noUpm
-name
AssetImportWorker5
-projectPath
C:/Users/jmsmm/Documents/cse4550/CSE4550_Project/CSE4550 Project/CSE4550 Project
-logFile
Logs/AssetImportWorker5.log
-srvPort
56780
Successfully changed project path to: C:/Users/jmsmm/Documents/cse4550/CSE4550_Project/CSE4550 Project/CSE4550 Project
C:/Users/jmsmm/Documents/cse4550/CSE4550_Project/CSE4550 Project/CSE4550 Project
Using Asset Import Pipeline V2.
Refreshing native plugins compatible for Editor in 156.34 ms, found 3 plugins.
Preloading 0 native plugins for Editor in 0.00 ms.
Initialize engine version: 2020.3.26f1 (7298b473bc1a)
[Subsystems] Discovering subsystems at path C:/Program Files/Unity/Hub/Editor/2020.3.26f1/Editor/Data/Resources/UnitySubsystems
[Subsystems] Discovering subsystems at path C:/Users/jmsmm/Documents/cse4550/CSE4550_Project/CSE4550 Project/CSE4550 Project/Assets
GfxDevice: creating device client; threaded=0
Direct3D:
    Version:  Direct3D 11.0 [level 11.1]
    Renderer: AMD Radeon(TM) R3 Graphics (ID=0x98e4)
    Vendor:   
    VRAM:     1984 MB
    Driver:   25.20.15030.3001
Initialize mono
Mono path[0] = 'C:/Program Files/Unity/Hub/Editor/2020.3.26f1/Editor/Data/Managed'
Mono path[1] = 'C:/Program Files/Unity/Hub/Editor/2020.3.26f1/Editor/Data/MonoBleedingEdge/lib/mono/unityjit'
Mono config path = 'C:/Program Files/Unity/Hub/Editor/2020.3.26f1/Editor/Data/MonoBleedingEdge/etc'
Using monoOptions --debugger-agent=transport=dt_socket,embedding=1,server=y,suspend=n,address=127.0.0.1:56744
Begin MonoManager ReloadAssembly
Registering precompiled unity dll's ...
Register platform support module: C:/Program Files/Unity/Hub/Editor/2020.3.26f1/Editor/Data/PlaybackEngines/WindowsStandaloneSupport/UnityEditor.WindowsStandalone.Extensions.dll
Registered in 0.008503 seconds.
Native extension for WindowsStandalone target not found
Refreshing native plugins compatible for Editor in 308.79 ms, found 3 plugins.
Preloading 0 native plugins for Editor in 0.00 ms.
Mono: successfully reloaded assembly
- Completed reload, in  3.454 seconds
Domain Reload Profiling:
	ReloadAssembly (3454ms)
		BeginReloadAssembly (217ms)
			ExecutionOrderSort (0ms)
			DisableScriptedObjects (0ms)
			BackupInstance (0ms)
			ReleaseScriptingObjects (0ms)
			CreateAndSetChildDomain (3ms)
		EndReloadAssembly (2960ms)
			LoadAssemblies (214ms)
			RebuildTransferFunctionScriptingTraits (0ms)
			SetupTypeCache (685ms)
			ReleaseScriptCaches (0ms)
			RebuildScriptCaches (170ms)
			SetupLoadedEditorAssemblies (1455ms)
				LogAssemblyErrors (0ms)
				InitializePlatformSupportModulesInManaged (20ms)
				SetLoadedEditorAssemblies (1ms)
				RefreshPlugins (309ms)
				BeforeProcessingInitializeOnLoad (159ms)
				ProcessInitializeOnLoadAttributes (861ms)
				ProcessInitializeOnLoadMethodAttributes (104ms)
				AfterProcessingInitializeOnLoad (0ms)
				EditorAssembliesLoaded (1ms)
			ExecutionOrderSort2 (0ms)
			AwakeInstancesAfterBackupRestoration (0ms)
Platform modules already initialized, skipping
Registering precompiled user dll's ...
Registered in 0.024706 seconds.
Begin MonoManager ReloadAssembly
Native extension for WindowsStandalone target not found
Refreshing native plugins compatible for Editor in 161.14 ms, found 3 plugins.
Preloading 0 native plugins for Editor in 0.00 ms.
Mono: successfully reloaded assembly
- Completed reload, in  7.703 seconds
Domain Reload Profiling:
	ReloadAssembly (7731ms)
		BeginReloadAssembly (468ms)
			ExecutionOrderSort (0ms)
			DisableScriptedObjects (14ms)
			BackupInstance (0ms)
			ReleaseScriptingObjects (0ms)
			CreateAndSetChildDomain (53ms)
		EndReloadAssembly (7049ms)
			LoadAssemblies (354ms)
			RebuildTransferFunctionScriptingTraits (0ms)
			SetupTypeCache (1595ms)
			ReleaseScriptCaches (1ms)
			RebuildScriptCaches (150ms)
			SetupLoadedEditorAssemblies (4580ms)
				LogAssemblyErrors (0ms)
				InitializePlatformSupportModulesInManaged (11ms)
				SetLoadedEditorAssemblies (0ms)
				RefreshPlugins (161ms)
				BeforeProcessingInitializeOnLoad (360ms)
				ProcessInitializeOnLoadAttributes (1490ms)
				ProcessInitializeOnLoadMethodAttributes (2527ms)
				AfterProcessingInitializeOnLoad (29ms)
				EditorAssembliesLoaded (0ms)
			ExecutionOrderSort2 (0ms)
			AwakeInstancesAfterBackupRestoration (22ms)
Platform modules already initialized, skipping
========================================================================
Worker process is ready to serve import requests
Launched and connected shader compiler UnityShaderCompiler.exe after 0.55 seconds
Refreshing native plugins compatible for Editor in 1.41 ms, found 3 plugins.
Preloading 0 native plugins for Editor in 0.00 ms.
Unloading 2250 Unused Serialized files (Serialized files now loaded: 0)
System memory in use before: 100.0 MB.
System memory in use after: 100.1 MB.

Unloading 27 unused Assets to reduce memory usage. Loaded Objects now: 2686.
Total: 7.754600 ms (FindLiveObjects: 0.447500 ms CreateObjectMapping: 0.229100 ms MarkObjects: 6.994400 ms  DeleteObjects: 0.079700 ms)

AssetImportParameters requested are different than current active one (requested -> active):
  custom:framework-win-MediaFoundation: 216162199b28c13a410421893ffa2e32 -> 
  custom:video-decoder-ogg-theora: a1e56fd34408186e4bbccfd4996cb3dc -> 
  custom:container-muxer-webm: aa71ff27fc2769a1b78a27578f13a17b -> 
  custom:container-demuxer-webm: 4f35f7cbe854078d1ac9338744f61a02 -> 
  custom:container-demuxer-ogg: 62fdf1f143b41e24485cea50d1cbac27 -> 
  custom:video-encoder-webm-vp8: eb34c28f22e8b96e1ab97ce403110664 -> 
  custom:video-decoder-webm-vp8: 9c59270c3fd7afecdb556c50c9e8de78 -> 
  custom:audio-decoder-ogg-vorbis: bf7c407c2cedff20999df2af8eb42d56 -> 
  custom:audio-encoder-webm-vorbis: bf7c407c2cedff20999df2af8eb42d56 -> 
========================================================================
Received Import Request.
  path: Assets/Sprites/Idle_0 (1).controller
  artifactKey: Guid(7eb57ce8cb759d04d935ff78c36d75eb) Importer(815301076,1909f56bfc062723c751e8b465ee728b)
Start importing Assets/Sprites/Idle_0 (1).controller using Guid(7eb57ce8cb759d04d935ff78c36d75eb) Importer(815301076,1909f56bfc062723c751e8b465ee728b)  -> (artifact id: '3cc20fd02dfee42afd5b634b1c472e61') in 0.718882 seconds 
  Import took 0.764453 seconds .

========================================================================
Received Import Request.
  Time since last request: 437.581106 seconds.
  path: Assets/TileMaps/Jungle Asset Pack/ Chacter with outline/sprites/idle outline.gif
  artifactKey: Guid(819912e98be5a4c4b998cd063b74a6dd) Importer(815301076,1909f56bfc062723c751e8b465ee728b)
Start importing Assets/TileMaps/Jungle Asset Pack/ Chacter with outline/sprites/idle outline.gif using Guid(819912e98be5a4c4b998cd063b74a6dd) Importer(815301076,1909f56bfc062723c751e8b465ee728b)  -> (artifact id: '457a45bb78ec2da188066228ad6cec88') in 1.298057 seconds 
  Import took 1.325788 seconds .

========================================================================
Received Import Request.
  Time since last request: 0.600175 seconds.
  path: Assets/TileMaps/Jungle Asset Pack/ Chacter with outline/sprites/jump outline.png
  artifactKey: Guid(e2b46e5dc4041894d85f933a557f20c8) Importer(815301076,1909f56bfc062723c751e8b465ee728b)
Start importing Assets/TileMaps/Jungle Asset Pack/ Chacter with outline/sprites/jump outline.png using Guid(e2b46e5dc4041894d85f933a557f20c8) Importer(815301076,1909f56bfc062723c751e8b465ee728b)  -> (artifact id: 'd74a383b5b94f2ad14125a582e4bc346') in 0.155137 seconds 
  Import took 0.223784 seconds .

========================================================================
Received Import Request.
  Time since last request: 0.000655 seconds.
  path: Assets/TileMaps/Jungle Asset Pack/jungle tileset/jungle tileset.png
  artifactKey: Guid(d977cedf3bb7c6842be8c8ca33af743c) Importer(815301076,1909f56bfc062723c751e8b465ee728b)
Start importing Assets/TileMaps/Jungle Asset Pack/jungle tileset/jungle tileset.png using Guid(d977cedf3bb7c6842be8c8ca33af743c) Importer(815301076,1909f56bfc062723c751e8b465ee728b)  -> (artifact id: 'a21b85dedf31e8cf2b4b2d85bfdfbc92') in 0.199171 seconds 
  Import took 0.235267 seconds .

========================================================================
Received Import Request.
  Time since last request: 0.003724 seconds.
  path: Assets/TileMaps/Jungle Asset Pack/ Chacter with outline/sprites/landing outline.png
  artifactKey: Guid(04c746bc972096e4fbd3cabe0fc13adf) Importer(815301076,1909f56bfc062723c751e8b465ee728b)
Start importing Assets/TileMaps/Jungle Asset Pack/ Chacter with outline/sprites/landing outline.png using Guid(04c746bc972096e4fbd3cabe0fc13adf) Importer(815301076,1909f56bfc062723c751e8b465ee728b)  -> (artifact id: '97f8b08932c350ecac74f08766aa1af1') in 0.193747 seconds 
  Import took 0.214486 seconds .

========================================================================
Received Import Request.
  Time since last request: 0.000499 seconds.
  path: Assets/TileMaps/Jungle Asset Pack/ Chacter with outline/sprites/ledge grab outline.gif
  artifactKey: Guid(907f61a48b751204ea802fed79d9b34a) Importer(815301076,1909f56bfc062723c751e8b465ee728b)
Start importing Assets/TileMaps/Jungle Asset Pack/ Chacter with outline/sprites/ledge grab outline.gif using Guid(907f61a48b751204ea802fed79d9b34a) Importer(815301076,1909f56bfc062723c751e8b465ee728b)  -> (artifact id: 'e552016bb6cdf5f4f8cc6cff7b4346ac') in 0.140598 seconds 
  Import took 0.173011 seconds .

========================================================================
Received Import Request.
  Time since last request: 30.070755 seconds.
  path: Assets/TileMaps/Jungle Asset Pack/ Chacter with outline/sprites/run outline.gif
  artifactKey: Guid(2d3664f0774a1dd49a99851f7856a1f1) Importer(815301076,1909f56bfc062723c751e8b465ee728b)
Start importing Assets/TileMaps/Jungle Asset Pack/ Chacter with outline/sprites/run outline.gif using Guid(2d3664f0774a1dd49a99851f7856a1f1) Importer(815301076,1909f56bfc062723c751e8b465ee728b)  -> (artifact id: '04862bf192fe867cb3b3f895a4c99175') in 0.233388 seconds 
  Import took 0.289466 seconds .

========================================================================
Received Prepare
Registering precompiled user dll's ...
Registered in 1.511409 seconds.
Begin MonoManager ReloadAssembly
Native extension for WindowsStandalone target not found
Refreshing native plugins compatible for Editor in 273.95 ms, found 3 plugins.
Preloading 0 native plugins for Editor in 0.00 ms.
Mono: successfully reloaded assembly
- Completed reload, in 68.233 seconds
Domain Reload Profiling:
	ReloadAssembly (68530ms)
		BeginReloadAssembly (45269ms)
			ExecutionOrderSort (25ms)
			DisableScriptedObjects (6282ms)
			BackupInstance (0ms)
			ReleaseScriptingObjects (335ms)
			CreateAndSetChildDomain (24083ms)
		EndReloadAssembly (22043ms)
			LoadAssemblies (4082ms)
			RebuildTransferFunctionScriptingTraits (14ms)
			SetupTypeCache (4990ms)
			ReleaseScriptCaches (6ms)
			RebuildScriptCaches (1174ms)
			SetupLoadedEditorAssemblies (11531ms)
				LogAssemblyErrors (0ms)
				InitializePlatformSupportModulesInManaged (1241ms)
				SetLoadedEditorAssemblies (382ms)
				RefreshPlugins (274ms)
				BeforeProcessingInitializeOnLoad (4111ms)
				ProcessInitializeOnLoadAttributes (5223ms)
				ProcessInitializeOnLoadMethodAttributes (256ms)
				AfterProcessingInitializeOnLoad (28ms)
				EditorAssembliesLoaded (15ms)
			ExecutionOrderSort2 (0ms)
			AwakeInstancesAfterBackupRestoration (41ms)
Platform modules already initialized, skipping
Refreshing native plugins compatible for Editor in 1.75 ms, found 3 plugins.
Preloading 0 native plugins for Editor in 0.00 ms.
Unloading 2226 Unused Serialized files (Serialized files now loaded: 0)
System memory in use before: 101.0 MB.
System memory in use after: 101.2 MB.

Unloading 17 unused Assets to reduce memory usage. Loaded Objects now: 2704.
Total: 914.939500 ms (FindLiveObjects: 25.857100 ms CreateObjectMapping: 0.359000 ms MarkObjects: 878.858700 ms  DeleteObjects: 9.858200 ms)

AssetImportParameters requested are different than current active one (requested -> active):
  custom:framework-win-MediaFoundation: 216162199b28c13a410421893ffa2e32 -> 
  custom:video-decoder-ogg-theora: a1e56fd34408186e4bbccfd4996cb3dc -> 
  custom:container-muxer-webm: aa71ff27fc2769a1b78a27578f13a17b -> 
  custom:container-demuxer-webm: 4f35f7cbe854078d1ac9338744f61a02 -> 
  custom:container-demuxer-ogg: 62fdf1f143b41e24485cea50d1cbac27 -> 
  custom:video-encoder-webm-vp8: eb34c28f22e8b96e1ab97ce403110664 -> 
  custom:video-decoder-webm-vp8: 9c59270c3fd7afecdb556c50c9e8de78 -> 
  custom:audio-decoder-ogg-vorbis: bf7c407c2cedff20999df2af8eb42d56 -> 
  custom:audio-encoder-webm-vorbis: bf7c407c2cedff20999df2af8eb42d56 -> 
========================================================================
Received Prepare
Registering precompiled user dll's ...
Registered in 0.385532 seconds.
Begin MonoManager ReloadAssembly
Native extension for WindowsStandalone target not found
Refreshing native plugins compatible for Editor in 6.03 ms, found 3 plugins.
Preloading 0 native plugins for Editor in 0.00 ms.
Mono: successfully reloaded assembly
- Completed reload, in  6.523 seconds
Domain Reload Profiling:
	ReloadAssembly (6529ms)
		BeginReloadAssembly (1334ms)
			ExecutionOrderSort (0ms)
			DisableScriptedObjects (89ms)
			BackupInstance (0ms)
			ReleaseScriptingObjects (0ms)
			CreateAndSetChildDomain (676ms)
		EndReloadAssembly (4961ms)
			LoadAssemblies (2025ms)
			RebuildTransferFunctionScriptingTraits (0ms)
			SetupTypeCache (1097ms)
			ReleaseScriptCaches (5ms)
			RebuildScriptCaches (133ms)
			SetupLoadedEditorAssemblies (1541ms)
				LogAssemblyErrors (0ms)
				InitializePlatformSupportModulesInManaged (20ms)
				SetLoadedEditorAssemblies (29ms)
				RefreshPlugins (6ms)
				BeforeProcessingInitializeOnLoad (555ms)
				ProcessInitializeOnLoadAttributes (737ms)
				ProcessInitializeOnLoadMethodAttributes (149ms)
				AfterProcessingInitializeOnLoad (45ms)
				EditorAssembliesLoaded (1ms)
			ExecutionOrderSort2 (0ms)
			AwakeInstancesAfterBackupRestoration (27ms)
Platform modules already initialized, skipping
Refreshing native plugins compatible for Editor in 1.18 ms, found 3 plugins.
Preloading 0 native plugins for Editor in 0.00 ms.
Unloading 2226 Unused Serialized files (Serialized files now loaded: 0)
System memory in use before: 101.1 MB.
System memory in use after: 101.2 MB.

Unloading 17 unused Assets to reduce memory usage. Loaded Objects now: 2706.
Total: 90.300500 ms (FindLiveObjects: 12.544500 ms CreateObjectMapping: 0.499100 ms MarkObjects: 76.099000 ms  DeleteObjects: 1.153100 ms)

AssetImportParameters requested are different than current active one (requested -> active):
  custom:framework-win-MediaFoundation: 216162199b28c13a410421893ffa2e32 -> 
  custom:video-decoder-ogg-theora: a1e56fd34408186e4bbccfd4996cb3dc -> 
  custom:container-muxer-webm: aa71ff27fc2769a1b78a27578f13a17b -> 
  custom:container-demuxer-webm: 4f35f7cbe854078d1ac9338744f61a02 -> 
  custom:container-demuxer-ogg: 62fdf1f143b41e24485cea50d1cbac27 -> 
  custom:video-encoder-webm-vp8: eb34c28f22e8b96e1ab97ce403110664 -> 
  custom:video-decoder-webm-vp8: 9c59270c3fd7afecdb556c50c9e8de78 -> 
  custom:audio-decoder-ogg-vorbis: bf7c407c2cedff20999df2af8eb42d56 -> 
  custom:audio-encoder-webm-vorbis: bf7c407c2cedff20999df2af8eb42d56 -> 
========================================================================
Received Import Request.
  Time since last request: 3573.529355 seconds.
  path: Assets/Scripts/Enemies/Shlippery.physicsMaterial2D
  artifactKey: Guid(a3448e897d5220a47a4f05a884155fd7) Importer(815301076,1909f56bfc062723c751e8b465ee728b)
Start importing Assets/Scripts/Enemies/Shlippery.physicsMaterial2D using Guid(a3448e897d5220a47a4f05a884155fd7) Importer(815301076,1909f56bfc062723c751e8b465ee728b)  -> (artifact id: '67c58365a97207039012849343ef4a7d') in 0.617037 seconds 
  Import took 0.733218 seconds .

AssetImportWorkerClient::OnTransportError - code=2 error=End of file
